<?xml version="1.0" encoding="UTF-8"?>
<!-- Generated by org.testng.reporters.JUnitReportReporter -->
<testsuite skipped="0" hostname="DESKTOP-T7F2HMV" name="UpcomingBikes.UpcomingBikesTest" tests="1" failures="0" timestamp="12 Feb 2021 09:45:32 GMT" time="14.928" errors="0">
  <testcase name="upcomingBikeTest" time="14.928" classname="UpcomingBikes.UpcomingBikesTest"/>
</testsuite> <!-- UpcomingBikes.UpcomingBikesTest -->
