<?xml version="1.0" encoding="UTF-8"?>
<!-- Generated by org.testng.reporters.JUnitReportReporter -->
<testsuite skipped="0" hostname="DESKTOP-T7F2HMV" name="Hackathon.IdentifyNewBikes.UpcomingBikeTest" tests="1" failures="0" timestamp="12 Feb 2021 08:48:13 GMT" time="16.814" errors="0">
  <testcase name="upcomingBikeTest" time="16.814" classname="Hackathon.IdentifyNewBikes.UpcomingBikeTest"/>
</testsuite> <!-- Hackathon.IdentifyNewBikes.UpcomingBikeTest -->
