<?xml version="1.0" encoding="UTF-8"?>
<!-- Generated by org.testng.reporters.JUnitReportReporter -->
<testsuite hostname="shristi" failures="0" tests="1" name="TestUsingTestNG.UsedCarsTest" time="18.294" errors="0" timestamp="2021-02-26T11:47:52 IST" skipped="0">
  <testcase classname="TestUsingTestNG.UsedCarsTest" name="testUsedCars" time="18.294"/>
  <system-out/>
</testsuite> <!-- TestUsingTestNG.UsedCarsTest -->
