<?xml version="1.0" encoding="UTF-8"?>
<!-- Generated by org.testng.reporters.JUnitReportReporter -->
<testsuite hostname="shristi" failures="0" tests="3" name="RegressionTestCases.TestBaseReg" time="101.341" errors="0" timestamp="2021-02-26T10:55:55 IST" skipped="0">
  <testcase classname="RegressionTestCases.TestBaseReg" name="testUpcomingBike" time="40.352"/>
  <system-out/>
  <testcase classname="RegressionTestCases.TestBaseReg" name="testUsedCars" time="22.428"/>
  <system-out/>
  <testcase classname="RegressionTestCases.TestBaseReg" name="testGoogleSignIn" time="38.561"/>
  <system-out/>
</testsuite> <!-- RegressionTestCases.TestBaseReg -->
