<?xml version="1.0" encoding="UTF-8"?>
<!-- Generated by org.testng.reporters.JUnitReportReporter -->
<testsuite hostname="shristi" failures="0" tests="1" name="TestUsingTestNG.GoogleSignInTest" time="14.327" errors="0" timestamp="2021-02-26T11:47:52 IST" skipped="0">
  <testcase classname="TestUsingTestNG.GoogleSignInTest" name="testGoogleSignIn" time="14.327"/>
  <system-out/>
</testsuite> <!-- TestUsingTestNG.GoogleSignInTest -->
